mode: set
github.com/valtors/pulse/cmd/pulse/commands.go:9.40,12.37 3 0
github.com/valtors/pulse/cmd/pulse/commands.go:12.37,15.3 2 0
github.com/valtors/pulse/cmd/pulse/commands.go:16.2,17.16 2 0
github.com/valtors/pulse/cmd/pulse/commands.go:17.16,20.3 2 0
github.com/valtors/pulse/cmd/pulse/commands.go:21.2,23.74 3 0
github.com/valtors/pulse/cmd/pulse/commands.go:23.74,25.3 1 0
github.com/valtors/pulse/cmd/pulse/commands.go:25.8,28.3 2 0
github.com/valtors/pulse/cmd/pulse/commands.go:31.36,36.2 4 1
github.com/valtors/pulse/cmd/pulse/commands.go:38.30,40.16 2 0
github.com/valtors/pulse/cmd/pulse/commands.go:40.16,43.3 2 0
github.com/valtors/pulse/cmd/pulse/commands.go:44.2,45.53 2 0
github.com/valtors/pulse/cmd/pulse/commands.go:45.53,48.3 2 0
github.com/valtors/pulse/cmd/pulse/commands.go:49.2,49.49 1 0
github.com/valtors/pulse/cmd/pulse/commands.go:49.49,52.3 2 0
github.com/valtors/pulse/cmd/pulse/commands.go:53.2,53.51 1 0
github.com/valtors/pulse/cmd/pulse/commands.go:53.51,56.3 2 0
github.com/valtors/pulse/cmd/pulse/commands.go:57.2,57.33 1 0
github.com/valtors/pulse/cmd/pulse/commands.go:60.18,62.16 2 0
github.com/valtors/pulse/cmd/pulse/commands.go:62.16,65.3 2 0
github.com/valtors/pulse/cmd/pulse/commands.go:66.2,67.53 2 0
github.com/valtors/pulse/cmd/pulse/commands.go:67.53,70.3 2 0
github.com/valtors/pulse/cmd/pulse/commands.go:71.2,71.61 1 0
github.com/valtors/pulse/cmd/pulse/commands.go:71.61,75.3 3 0
github.com/valtors/pulse/cmd/pulse/commands.go:76.2,76.51 1 0
github.com/valtors/pulse/cmd/pulse/commands.go:76.51,79.3 2 0
github.com/valtors/pulse/cmd/pulse/commands.go:80.2,80.33 1 0
github.com/valtors/pulse/cmd/pulse/commands.go:83.37,85.16 2 0
github.com/valtors/pulse/cmd/pulse/commands.go:85.16,88.3 2 0
github.com/valtors/pulse/cmd/pulse/commands.go:89.2,89.49 1 0
github.com/valtors/pulse/cmd/pulse/commands.go:92.28,94.16 2 0
github.com/valtors/pulse/cmd/pulse/commands.go:94.16,97.3 2 0
github.com/valtors/pulse/cmd/pulse/commands.go:98.2,98.33 1 0
github.com/valtors/pulse/cmd/pulse/commands.go:101.18,103.16 2 0
github.com/valtors/pulse/cmd/pulse/commands.go:103.16,106.3 2 0
github.com/valtors/pulse/cmd/pulse/commands.go:107.2,108.55 2 0
github.com/valtors/pulse/cmd/pulse/commands.go:108.55,110.54 2 0
github.com/valtors/pulse/cmd/pulse/commands.go:110.54,113.4 2 0
github.com/valtors/pulse/cmd/pulse/commands.go:114.3,114.46 1 0
github.com/valtors/pulse/cmd/pulse/commands.go:116.2,116.24 1 0
github.com/valtors/pulse/cmd/pulse/commands.go:116.24,119.3 2 0
github.com/valtors/pulse/cmd/pulse/commands.go:120.2,120.29 1 0
github.com/valtors/pulse/cmd/pulse/commands.go:120.29,125.3 4 0
github.com/valtors/pulse/cmd/pulse/commands.go:128.50,133.37 5 1
github.com/valtors/pulse/cmd/pulse/commands.go:133.37,136.3 2 0
github.com/valtors/pulse/cmd/pulse/commands.go:137.2,137.66 1 1
github.com/valtors/pulse/cmd/pulse/helpers.go:7.34,9.16 2 1
github.com/valtors/pulse/cmd/pulse/helpers.go:9.16,11.3 1 0
github.com/valtors/pulse/cmd/pulse/helpers.go:12.2,12.12 1 1
github.com/valtors/pulse/cmd/pulse/main.go:12.13,13.22 1 0
github.com/valtors/pulse/cmd/pulse/main.go:13.22,16.3 2 0
github.com/valtors/pulse/cmd/pulse/main.go:18.2,18.20 1 0
github.com/valtors/pulse/cmd/pulse/main.go:19.36,20.37 1 0
github.com/valtors/pulse/cmd/pulse/main.go:21.15,22.10 1 0
github.com/valtors/pulse/cmd/pulse/main.go:23.17,24.23 1 0
github.com/valtors/pulse/cmd/pulse/main.go:24.23,28.4 3 0
github.com/valtors/pulse/cmd/pulse/main.go:29.3,29.37 1 0
github.com/valtors/pulse/cmd/pulse/main.go:30.20,31.23 1 0
github.com/valtors/pulse/cmd/pulse/main.go:31.23,34.4 2 0
github.com/valtors/pulse/cmd/pulse/main.go:35.3,35.28 1 0
github.com/valtors/pulse/cmd/pulse/main.go:36.13,37.23 1 0
github.com/valtors/pulse/cmd/pulse/main.go:37.23,41.4 3 0
github.com/valtors/pulse/cmd/pulse/main.go:42.3,42.21 1 0
github.com/valtors/pulse/cmd/pulse/main.go:43.16,44.14 1 0
github.com/valtors/pulse/cmd/pulse/main.go:45.18,46.23 1 0
github.com/valtors/pulse/cmd/pulse/main.go:46.23,49.4 2 0
github.com/valtors/pulse/cmd/pulse/main.go:50.3,50.38 1 0
github.com/valtors/pulse/cmd/pulse/main.go:51.16,52.23 1 0
github.com/valtors/pulse/cmd/pulse/main.go:52.23,55.4 2 0
github.com/valtors/pulse/cmd/pulse/main.go:56.3,56.24 1 0
github.com/valtors/pulse/cmd/pulse/main.go:57.16,58.14 1 0
github.com/valtors/pulse/cmd/pulse/main.go:59.16,60.23 1 0
github.com/valtors/pulse/cmd/pulse/main.go:60.23,63.4 2 0
github.com/valtors/pulse/cmd/pulse/main.go:64.3,64.26 1 0
github.com/valtors/pulse/cmd/pulse/main.go:64.26,65.24 1 0
github.com/valtors/pulse/cmd/pulse/main.go:65.24,68.5 2 0
github.com/valtors/pulse/cmd/pulse/main.go:69.4,69.52 1 0
github.com/valtors/pulse/cmd/pulse/main.go:71.30,72.14 1 0
github.com/valtors/pulse/cmd/pulse/main.go:73.10,76.13 3 0
github.com/valtors/pulse/cmd/pulse/main.go:80.18,105.2 1 1
github.com/valtors/pulse/cmd/pulse/main.go:107.23,112.2 4 1
github.com/valtors/pulse/cmd/pulse/main.go:114.33,117.40 3 1
github.com/valtors/pulse/cmd/pulse/main.go:117.40,119.3 1 1
github.com/valtors/pulse/cmd/pulse/main.go:120.2,121.53 2 0
github.com/valtors/pulse/cmd/pulse/main.go:121.53,122.41 1 0
github.com/valtors/pulse/cmd/pulse/main.go:122.41,124.4 1 0
github.com/valtors/pulse/cmd/pulse/main.go:126.2,126.98 1 0
github.com/valtors/pulse/cmd/pulse/main.go:129.47,131.16 2 1
github.com/valtors/pulse/cmd/pulse/main.go:131.16,133.3 1 0
github.com/valtors/pulse/cmd/pulse/main.go:134.2,138.16 5 1
github.com/valtors/pulse/cmd/pulse/main.go:138.16,140.3 1 0
github.com/valtors/pulse/cmd/pulse/main.go:141.2,141.17 1 1
github.com/valtors/pulse/cmd/pulse/server.go:11.14,13.43 2 0
github.com/valtors/pulse/cmd/pulse/server.go:13.43,15.3 1 0
github.com/valtors/pulse/cmd/pulse/server.go:17.2,18.73 2 0
github.com/valtors/pulse/cmd/pulse/server.go:18.73,20.3 1 0
github.com/valtors/pulse/cmd/pulse/server.go:21.2,29.59 8 0
github.com/valtors/pulse/cmd/pulse/server.go:29.59,32.3 2 0
github.com/valtors/pulse/cmd/pulse/server.go:35.59,38.35 3 1
github.com/valtors/pulse/cmd/pulse/server.go:38.35,40.3 1 0
github.com/valtors/pulse/cmd/pulse/server.go:41.2,46.4 2 1
github.com/valtors/pulse/cmd/pulse/server.go:49.60,50.24 1 1
github.com/valtors/pulse/cmd/pulse/server.go:50.24,53.3 2 1
github.com/valtors/pulse/cmd/pulse/server.go:54.2,58.61 2 1
github.com/valtors/pulse/cmd/pulse/server.go:58.61,61.3 2 1
github.com/valtors/pulse/cmd/pulse/server.go:62.2,66.16 5 0
github.com/valtors/pulse/cmd/pulse/server.go:66.16,69.3 2 0
github.com/valtors/pulse/cmd/pulse/server.go:70.2,71.70 2 0
github.com/valtors/pulse/cmd/pulse/server.go:74.56,75.24 1 1
github.com/valtors/pulse/cmd/pulse/server.go:75.24,78.3 2 1
github.com/valtors/pulse/cmd/pulse/server.go:79.2,82.61 2 1
github.com/valtors/pulse/cmd/pulse/server.go:82.61,85.3 2 1
github.com/valtors/pulse/cmd/pulse/server.go:86.2,87.16 2 0
github.com/valtors/pulse/cmd/pulse/server.go:87.16,91.3 3 0
github.com/valtors/pulse/cmd/pulse/server.go:92.2,93.14 2 0
github.com/valtors/pulse/cmd/pulse/server.go:96.59,98.16 2 0
github.com/valtors/pulse/cmd/pulse/server.go:98.16,102.3 3 0
github.com/valtors/pulse/cmd/pulse/server.go:103.2,104.14 2 0
github.com/valtors/pulse/cmd/pulse/server.go:107.59,108.26 1 1
github.com/valtors/pulse/cmd/pulse/server.go:108.26,110.16 2 1
github.com/valtors/pulse/cmd/pulse/server.go:110.16,112.4 1 1
github.com/valtors/pulse/cmd/pulse/server.go:113.3,114.9 2 1
github.com/valtors/pulse/cmd/pulse/server.go:116.2,117.16 2 1
github.com/valtors/pulse/cmd/pulse/server.go:117.16,121.3 3 0
github.com/valtors/pulse/cmd/pulse/server.go:122.2,123.14 2 1
github.com/valtors/pulse/cmd/pulse/server.go:126.55,127.23 1 1
github.com/valtors/pulse/cmd/pulse/server.go:127.23,130.3 2 1
github.com/valtors/pulse/cmd/pulse/server.go:131.2,132.25 2 1
github.com/valtors/pulse/internal/config/config.go:20.27,23.2 2 1
github.com/valtors/pulse/internal/config/config.go:25.41,26.16 1 1
github.com/valtors/pulse/internal/config/config.go:26.16,28.3 1 0
github.com/valtors/pulse/internal/config/config.go:29.2,30.16 2 1
github.com/valtors/pulse/internal/config/config.go:30.16,31.25 1 1
github.com/valtors/pulse/internal/config/config.go:31.25,39.4 5 1
github.com/valtors/pulse/internal/config/config.go:40.3,40.18 1 0
github.com/valtors/pulse/internal/config/config.go:42.2,43.49 2 1
github.com/valtors/pulse/internal/config/config.go:43.49,45.3 1 0
github.com/valtors/pulse/internal/config/config.go:46.2,46.25 1 1
github.com/valtors/pulse/internal/config/config.go:46.25,50.3 1 1
github.com/valtors/pulse/internal/config/config.go:51.2,51.25 1 1
github.com/valtors/pulse/internal/config/config.go:51.25,53.3 1 1
github.com/valtors/pulse/internal/config/config.go:54.2,54.23 1 1
github.com/valtors/pulse/internal/config/config.go:54.23,56.3 1 1
github.com/valtors/pulse/internal/config/config.go:57.2,57.16 1 1
github.com/valtors/pulse/internal/config/config.go:60.42,61.16 1 1
github.com/valtors/pulse/internal/config/config.go:61.16,63.3 1 0
github.com/valtors/pulse/internal/config/config.go:64.2,67.16 4 1
github.com/valtors/pulse/internal/config/config.go:67.16,69.3 1 0
github.com/valtors/pulse/internal/config/config.go:70.2,70.39 1 1
github.com/valtors/pulse/internal/config/config.go:73.51,77.2 1 1
github.com/valtors/pulse/internal/config/config.go:79.51,80.40 1 1
github.com/valtors/pulse/internal/config/config.go:80.40,82.3 1 1
github.com/valtors/pulse/internal/config/config.go:83.2,83.11 1 1
github.com/valtors/pulse/internal/config/config.go:86.47,88.2 1 1
github.com/valtors/pulse/internal/connect/connectors.go:26.28,30.2 1 1
github.com/valtors/pulse/internal/connect/connectors.go:32.41,34.2 1 1
github.com/valtors/pulse/internal/connect/connectors.go:36.54,39.2 2 1
github.com/valtors/pulse/internal/connect/connectors.go:41.35,43.33 2 1
github.com/valtors/pulse/internal/connect/connectors.go:43.33,45.3 1 1
github.com/valtors/pulse/internal/connect/connectors.go:46.2,46.14 1 1
github.com/valtors/pulse/internal/connect/connectors.go:49.41,49.60 1 1
github.com/valtors/pulse/internal/connect/connectors.go:51.55,54.2 2 1
github.com/valtors/pulse/internal/connect/connectors.go:56.40,57.19 1 1
github.com/valtors/pulse/internal/connect/connectors.go:57.19,59.3 1 1
github.com/valtors/pulse/internal/connect/connectors.go:60.2,65.16 6 0
github.com/valtors/pulse/internal/connect/connectors.go:65.16,67.3 1 0
github.com/valtors/pulse/internal/connect/connectors.go:68.2,69.28 2 0
github.com/valtors/pulse/internal/connect/connectors.go:69.28,71.3 1 0
github.com/valtors/pulse/internal/connect/connectors.go:72.2,72.12 1 0
github.com/valtors/pulse/internal/connect/connectors.go:89.82,90.19 1 1
github.com/valtors/pulse/internal/connect/connectors.go:90.19,92.3 1 1
github.com/valtors/pulse/internal/connect/connectors.go:93.2,98.16 6 1
github.com/valtors/pulse/internal/connect/connectors.go:98.16,100.3 1 0
github.com/valtors/pulse/internal/connect/connectors.go:101.2,102.28 2 1
github.com/valtors/pulse/internal/connect/connectors.go:102.28,104.3 1 1
github.com/valtors/pulse/internal/connect/connectors.go:105.2,106.74 2 0
github.com/valtors/pulse/internal/connect/connectors.go:106.74,108.3 1 0
github.com/valtors/pulse/internal/connect/connectors.go:109.2,109.27 1 0
github.com/valtors/pulse/internal/connect/connectors.go:117.40,117.58 1 1
github.com/valtors/pulse/internal/connect/connectors.go:119.54,122.2 2 1
github.com/valtors/pulse/internal/connect/connectors.go:124.39,125.19 1 1
github.com/valtors/pulse/internal/connect/connectors.go:125.19,127.3 1 1
github.com/valtors/pulse/internal/connect/connectors.go:128.2,133.16 6 0
github.com/valtors/pulse/internal/connect/connectors.go:133.16,135.3 1 0
github.com/valtors/pulse/internal/connect/connectors.go:136.2,137.28 2 0
github.com/valtors/pulse/internal/connect/connectors.go:137.28,139.3 1 0
github.com/valtors/pulse/internal/connect/connectors.go:140.2,140.12 1 0
github.com/valtors/pulse/internal/connect/connectors.go:148.68,149.19 1 1
github.com/valtors/pulse/internal/connect/connectors.go:149.19,151.3 1 1
github.com/valtors/pulse/internal/connect/connectors.go:152.2,157.16 6 0
github.com/valtors/pulse/internal/connect/connectors.go:157.16,159.3 1 0
github.com/valtors/pulse/internal/connect/connectors.go:160.2,161.28 2 0
github.com/valtors/pulse/internal/connect/connectors.go:161.28,163.3 1 0
github.com/valtors/pulse/internal/connect/connectors.go:164.2,167.67 2 0
github.com/valtors/pulse/internal/connect/connectors.go:167.67,169.3 1 0
github.com/valtors/pulse/internal/connect/connectors.go:170.2,170.29 1 0
github.com/valtors/pulse/internal/connect/connectors.go:177.43,177.64 1 1
github.com/valtors/pulse/internal/connect/connectors.go:179.57,182.2 2 1
github.com/valtors/pulse/internal/connect/connectors.go:184.42,185.19 1 1
github.com/valtors/pulse/internal/connect/connectors.go:185.19,187.3 1 1
github.com/valtors/pulse/internal/connect/connectors.go:188.2,193.16 6 0
github.com/valtors/pulse/internal/connect/connectors.go:193.16,195.3 1 0
github.com/valtors/pulse/internal/connect/connectors.go:196.2,197.28 2 0
github.com/valtors/pulse/internal/connect/connectors.go:197.28,199.3 1 0
github.com/valtors/pulse/internal/connect/connectors.go:200.2,200.12 1 0
github.com/valtors/pulse/internal/connect/connectors.go:209.62,210.19 1 1
github.com/valtors/pulse/internal/connect/connectors.go:210.19,212.3 1 1
github.com/valtors/pulse/internal/connect/connectors.go:213.2,223.16 9 0
github.com/valtors/pulse/internal/connect/connectors.go:223.16,225.3 1 0
github.com/valtors/pulse/internal/connect/connectors.go:226.2,227.28 2 0
github.com/valtors/pulse/internal/connect/connectors.go:227.28,229.3 1 0
github.com/valtors/pulse/internal/connect/connectors.go:230.2,233.67 2 0
github.com/valtors/pulse/internal/connect/connectors.go:233.67,235.3 1 0
github.com/valtors/pulse/internal/connect/connectors.go:236.2,236.26 1 0
github.com/valtors/pulse/internal/connect/connectors.go:239.34,241.2 1 1
github.com/valtors/pulse/internal/llm/client.go:34.49,35.19 1 1
github.com/valtors/pulse/internal/llm/client.go:35.19,37.3 1 1
github.com/valtors/pulse/internal/llm/client.go:38.2,38.17 1 1
github.com/valtors/pulse/internal/llm/client.go:38.17,40.3 1 1
github.com/valtors/pulse/internal/llm/client.go:41.2,41.64 1 1
github.com/valtors/pulse/internal/llm/client.go:44.64,45.20 1 1
github.com/valtors/pulse/internal/llm/client.go:45.20,47.3 1 1
github.com/valtors/pulse/internal/llm/client.go:49.2,65.16 8 1
github.com/valtors/pulse/internal/llm/client.go:65.16,67.3 1 0
github.com/valtors/pulse/internal/llm/client.go:68.2,70.28 2 1
github.com/valtors/pulse/internal/llm/client.go:70.28,73.3 2 1
github.com/valtors/pulse/internal/llm/client.go:75.2,76.67 2 1
github.com/valtors/pulse/internal/llm/client.go:76.67,78.3 1 0
github.com/valtors/pulse/internal/llm/client.go:80.2,80.30 1 1
github.com/valtors/pulse/internal/llm/client.go:80.30,82.3 1 1
github.com/valtors/pulse/internal/llm/client.go:84.2,84.47 1 1
github.com/valtors/pulse/internal/memory/store.go:24.39,27.16 3 1
github.com/valtors/pulse/internal/memory/store.go:27.16,29.3 1 0
github.com/valtors/pulse/internal/memory/store.go:30.2,30.34 1 1
github.com/valtors/pulse/internal/memory/store.go:30.34,33.3 2 1
github.com/valtors/pulse/internal/memory/store.go:34.2,46.43 2 1
github.com/valtors/pulse/internal/memory/store.go:46.43,49.3 2 0
github.com/valtors/pulse/internal/memory/store.go:50.2,50.28 1 1
github.com/valtors/pulse/internal/memory/store.go:53.61,54.20 1 1
github.com/valtors/pulse/internal/memory/store.go:54.20,56.3 1 1
github.com/valtors/pulse/internal/memory/store.go:57.2,61.12 2 1
github.com/valtors/pulse/internal/memory/store.go:64.52,67.26 3 1
github.com/valtors/pulse/internal/memory/store.go:67.26,69.3 1 1
github.com/valtors/pulse/internal/memory/store.go:70.2,71.19 2 1
github.com/valtors/pulse/internal/memory/store.go:74.41,76.16 2 1
github.com/valtors/pulse/internal/memory/store.go:76.16,78.3 1 0
github.com/valtors/pulse/internal/memory/store.go:79.2,81.18 3 1
github.com/valtors/pulse/internal/memory/store.go:81.18,83.98 2 1
github.com/valtors/pulse/internal/memory/store.go:83.98,85.4 1 0
github.com/valtors/pulse/internal/memory/store.go:86.3,86.33 1 1
github.com/valtors/pulse/internal/memory/store.go:88.2,88.29 1 1
github.com/valtors/pulse/internal/memory/store.go:91.63,93.16 2 1
github.com/valtors/pulse/internal/memory/store.go:93.16,95.3 1 0
github.com/valtors/pulse/internal/memory/store.go:96.2,98.18 3 1
github.com/valtors/pulse/internal/memory/store.go:98.18,100.98 2 1
github.com/valtors/pulse/internal/memory/store.go:100.98,102.4 1 0
github.com/valtors/pulse/internal/memory/store.go:103.3,103.33 1 1
github.com/valtors/pulse/internal/memory/store.go:105.2,105.29 1 1
github.com/valtors/pulse/internal/memory/store.go:108.42,111.2 2 1
github.com/valtors/pulse/internal/memory/store.go:113.31,115.2 1 1
github.com/valtors/pulse/internal/server/server.go:23.53,24.19 1 1
github.com/valtors/pulse/internal/server/server.go:24.19,27.3 2 1
github.com/valtors/pulse/internal/server/server.go:28.2,31.16 3 1
github.com/valtors/pulse/internal/server/server.go:31.16,33.3 1 0
github.com/valtors/pulse/internal/server/server.go:35.2,50.15 5 1
github.com/valtors/pulse/internal/server/server.go:53.27,61.2 7 1
github.com/valtors/pulse/internal/server/server.go:63.32,65.2 1 0
github.com/valtors/pulse/internal/server/server.go:67.71,69.2 1 1
github.com/valtors/pulse/internal/server/server.go:76.72,77.33 1 1
github.com/valtors/pulse/internal/server/server.go:77.33,80.3 2 1
github.com/valtors/pulse/internal/server/server.go:82.2,83.61 2 1
github.com/valtors/pulse/internal/server/server.go:83.61,86.3 2 1
github.com/valtors/pulse/internal/server/server.go:88.2,88.38 1 1
github.com/valtors/pulse/internal/server/server.go:89.16,90.55 1 1
github.com/valtors/pulse/internal/server/server.go:90.55,93.4 2 1
github.com/valtors/pulse/internal/server/server.go:94.15,95.54 1 1
github.com/valtors/pulse/internal/server/server.go:95.54,98.4 2 1
github.com/valtors/pulse/internal/server/server.go:99.18,100.57 1 1
github.com/valtors/pulse/internal/server/server.go:100.57,103.4 2 1
github.com/valtors/pulse/internal/server/server.go:104.10,106.9 2 1
github.com/valtors/pulse/internal/server/server.go:109.2,113.4 2 0
github.com/valtors/pulse/internal/server/server.go:120.68,121.33 1 1
github.com/valtors/pulse/internal/server/server.go:121.33,124.3 2 1
github.com/valtors/pulse/internal/server/server.go:126.2,127.61 2 1
github.com/valtors/pulse/internal/server/server.go:127.61,130.3 2 1
github.com/valtors/pulse/internal/server/server.go:132.2,133.16 2 0
github.com/valtors/pulse/internal/server/server.go:133.16,136.3 2 0
github.com/valtors/pulse/internal/server/server.go:138.2,139.33 2 0
github.com/valtors/pulse/internal/server/server.go:142.71,143.35 1 1
github.com/valtors/pulse/internal/server/server.go:143.35,145.16 2 1
github.com/valtors/pulse/internal/server/server.go:145.16,147.4 1 1
github.com/valtors/pulse/internal/server/server.go:148.3,149.9 2 1
github.com/valtors/pulse/internal/server/server.go:152.2,153.16 2 1
github.com/valtors/pulse/internal/server/server.go:153.16,156.3 2 0
github.com/valtors/pulse/internal/server/server.go:158.2,159.37 2 1
github.com/valtors/pulse/internal/server/server.go:162.71,169.2 3 1
github.com/valtors/pulse/internal/server/server.go:177.68,178.33 1 1
github.com/valtors/pulse/internal/server/server.go:178.33,181.3 2 1
github.com/valtors/pulse/internal/server/server.go:183.2,184.61 2 1
github.com/valtors/pulse/internal/server/server.go:184.61,187.3 2 1
github.com/valtors/pulse/internal/server/server.go:189.2,193.95 4 1
github.com/valtors/pulse/internal/server/server.go:196.67,197.23 1 1
github.com/valtors/pulse/internal/server/server.go:197.23,200.3 2 1
github.com/valtors/pulse/internal/server/server.go:201.2,202.25 2 1
github.com/valtors/pulse/internal/server/server.go:205.22,320.2 1 1
github.com/valtors/pulse/internal/agent/agent.go:22.59,24.2 1 1
github.com/valtors/pulse/internal/agent/agent.go:26.51,28.48 2 1
github.com/valtors/pulse/internal/agent/agent.go:28.48,30.3 1 1
github.com/valtors/pulse/internal/agent/agent.go:31.2,32.12 2 0
github.com/valtors/pulse/internal/agent/agent.go:35.50,37.47 2 1
github.com/valtors/pulse/internal/agent/agent.go:37.47,39.3 1 1
github.com/valtors/pulse/internal/agent/agent.go:40.2,41.12 2 0
github.com/valtors/pulse/internal/agent/agent.go:44.53,46.50 2 1
github.com/valtors/pulse/internal/agent/agent.go:46.50,48.3 1 1
github.com/valtors/pulse/internal/agent/agent.go:49.2,50.12 2 0
github.com/valtors/pulse/internal/agent/agent.go:53.38,55.21 2 1
github.com/valtors/pulse/internal/agent/agent.go:55.21,57.3 1 0
github.com/valtors/pulse/internal/agent/agent.go:58.2,58.20 1 1
github.com/valtors/pulse/internal/agent/agent.go:58.20,60.3 1 0
github.com/valtors/pulse/internal/agent/agent.go:61.2,61.23 1 1
github.com/valtors/pulse/internal/agent/agent.go:61.23,63.3 1 0
github.com/valtors/pulse/internal/agent/agent.go:64.2,64.10 1 1
github.com/valtors/pulse/internal/agent/agent.go:67.40,69.2 1 1
github.com/valtors/pulse/internal/agent/agent.go:77.55,80.42 2 1
github.com/valtors/pulse/internal/agent/agent.go:80.42,82.22 2 1
github.com/valtors/pulse/internal/agent/agent.go:82.22,91.4 4 1
github.com/valtors/pulse/internal/agent/agent.go:94.2,94.40 1 1
github.com/valtors/pulse/internal/agent/agent.go:94.40,102.3 3 1
github.com/valtors/pulse/internal/agent/agent.go:104.2,104.40 1 1
github.com/valtors/pulse/internal/agent/agent.go:104.40,106.3 1 1
github.com/valtors/pulse/internal/agent/agent.go:108.2,108.27 1 0
github.com/valtors/pulse/internal/agent/agent.go:111.65,114.86 2 1
github.com/valtors/pulse/internal/agent/agent.go:114.86,116.17 2 1
github.com/valtors/pulse/internal/agent/agent.go:116.17,118.4 1 0
github.com/valtors/pulse/internal/agent/agent.go:119.3,119.17 1 1
github.com/valtors/pulse/internal/agent/agent.go:119.17,125.4 1 0
github.com/valtors/pulse/internal/agent/agent.go:126.3,130.9 1 1
github.com/valtors/pulse/internal/agent/agent.go:133.2,133.100 1 1
github.com/valtors/pulse/internal/agent/agent.go:133.100,141.3 3 1
github.com/valtors/pulse/internal/agent/agent.go:143.2,147.8 1 1
github.com/valtors/pulse/internal/agent/agent.go:150.62,154.23 4 0
github.com/valtors/pulse/internal/agent/agent.go:154.23,156.30 2 0
github.com/valtors/pulse/internal/agent/agent.go:156.30,157.54 1 0
github.com/valtors/pulse/internal/agent/agent.go:157.54,159.5 1 0
github.com/valtors/pulse/internal/agent/agent.go:161.3,161.40 1 0
github.com/valtors/pulse/internal/agent/agent.go:164.2,182.16 3 0
github.com/valtors/pulse/internal/agent/agent.go:182.16,188.3 1 0
github.com/valtors/pulse/internal/agent/agent.go:190.2,196.8 2 0
github.com/valtors/pulse/internal/agent/agent.go:199.43,202.21 2 1
github.com/valtors/pulse/internal/agent/agent.go:202.21,204.36 2 0
github.com/valtors/pulse/internal/agent/agent.go:204.36,209.4 4 0
github.com/valtors/pulse/internal/agent/agent.go:212.2,212.20 1 1
github.com/valtors/pulse/internal/agent/agent.go:212.20,214.34 2 0
github.com/valtors/pulse/internal/agent/agent.go:214.34,216.27 2 0
github.com/valtors/pulse/internal/agent/agent.go:216.27,218.5 1 0
github.com/valtors/pulse/internal/agent/agent.go:222.2,222.23 1 1
github.com/valtors/pulse/internal/agent/agent.go:222.23,224.36 2 0
github.com/valtors/pulse/internal/agent/agent.go:224.36,226.29 2 0
github.com/valtors/pulse/internal/agent/agent.go:226.29,228.5 1 0
github.com/valtors/pulse/internal/agent/agent.go:232.2,232.24 1 1
github.com/valtors/pulse/internal/agent/agent.go:232.24,234.3 1 1
github.com/valtors/pulse/internal/agent/agent.go:236.2,236.37 1 0
github.com/valtors/pulse/internal/agent/agent.go:239.49,241.2 1 1
github.com/valtors/pulse/internal/agent/filter.go:27.38,28.11 1 1
github.com/valtors/pulse/internal/agent/filter.go:29.22,30.18 1 1
github.com/valtors/pulse/internal/agent/filter.go:31.25,32.21 1 1
github.com/valtors/pulse/internal/agent/filter.go:33.10,34.17 1 1
github.com/valtors/pulse/internal/agent/filter.go:38.71,40.27 2 1
github.com/valtors/pulse/internal/agent/filter.go:40.27,48.25 2 1
github.com/valtors/pulse/internal/agent/filter.go:49.22,50.20 1 1
github.com/valtors/pulse/internal/agent/filter.go:51.39,53.58 2 1
github.com/valtors/pulse/internal/agent/filter.go:54.18,56.41 2 1
github.com/valtors/pulse/internal/agent/filter.go:57.12,59.32 2 1
github.com/valtors/pulse/internal/agent/filter.go:61.16,62.20 1 1
github.com/valtors/pulse/internal/agent/filter.go:63.29,65.51 2 1
github.com/valtors/pulse/internal/agent/filter.go:66.18,68.44 2 1
github.com/valtors/pulse/internal/agent/filter.go:69.12,71.35 2 1
github.com/valtors/pulse/internal/agent/filter.go:73.21,74.29 1 1
github.com/valtors/pulse/internal/agent/filter.go:74.29,77.5 2 1
github.com/valtors/pulse/internal/agent/filter.go:77.10,80.5 2 1
github.com/valtors/pulse/internal/agent/filter.go:81.21,83.29 2 1
github.com/valtors/pulse/internal/agent/filter.go:84.18,86.31 2 1
github.com/valtors/pulse/internal/agent/filter.go:87.11,89.26 2 1
github.com/valtors/pulse/internal/agent/filter.go:92.3,92.30 1 1
github.com/valtors/pulse/internal/agent/filter.go:94.2,94.14 1 1
github.com/valtors/pulse/internal/agent/filter.go:97.66,99.29 2 1
github.com/valtors/pulse/internal/agent/filter.go:99.29,101.3 1 1
github.com/valtors/pulse/internal/agent/filter.go:102.2,102.15 1 1
github.com/valtors/pulse/internal/agent/filter.go:105.57,107.29 2 1
github.com/valtors/pulse/internal/agent/filter.go:107.29,109.3 1 1
github.com/valtors/pulse/internal/agent/filter.go:110.2,110.15 1 1
github.com/valtors/pulse/internal/agent/filter.go:113.50,114.21 1 1
github.com/valtors/pulse/internal/agent/filter.go:114.21,116.3 1 1
github.com/valtors/pulse/internal/agent/filter.go:118.2,121.26 3 1
github.com/valtors/pulse/internal/agent/filter.go:121.26,123.3 1 1
github.com/valtors/pulse/internal/agent/filter.go:124.2,124.29 1 1
github.com/valtors/pulse/internal/agent/filter.go:124.29,126.3 1 1
github.com/valtors/pulse/internal/agent/filter.go:128.2,129.20 2 1
github.com/valtors/pulse/internal/agent/filter.go:129.20,131.3 1 1
github.com/valtors/pulse/internal/agent/filter.go:133.2,133.37 1 1
github.com/valtors/pulse/internal/agent/filter.go:136.76,140.38 4 1
github.com/valtors/pulse/internal/agent/filter.go:140.38,141.33 1 1
github.com/valtors/pulse/internal/agent/filter.go:141.33,142.12 1 0
github.com/valtors/pulse/internal/agent/filter.go:144.3,145.34 2 1
github.com/valtors/pulse/internal/agent/filter.go:145.34,146.40 1 1
github.com/valtors/pulse/internal/agent/filter.go:146.40,147.13 1 1
github.com/valtors/pulse/internal/agent/filter.go:149.4,149.94 1 1
github.com/valtors/pulse/internal/agent/filter.go:152.2,152.34 1 1
github.com/valtors/pulse/internal/agent/filter.go:155.57,156.29 1 1
github.com/valtors/pulse/internal/agent/filter.go:156.29,157.39 1 1
github.com/valtors/pulse/internal/agent/filter.go:157.39,159.4 1 1
github.com/valtors/pulse/internal/agent/filter.go:161.2,161.14 1 1
